2026-04-23 15:08:15,701 - projects.phase0_1.Resilient_AI.logs.logger - INFO: Successfully loaded state from file.
2026-04-23 15:08:16,987 - projects.phase0_1.Resilient_AI.logs.logger - INFO: Successfully saved history to file.
2026-04-23 15:08:16,987 - projects.phase0_1.Resilient_AI.logs.logger - INFO: New messages added | Role: user | Content: hello there
2026-04-23 15:08:24,128 - httpx - INFO: HTTP Request: POST http://127.0.0.1:11434/api/chat "HTTP/1.1 200 OK"
2026-04-23 15:08:24,128 - Resource Monitor - INFO: [AI inference] Memory Delta: 0.40MB | Time Elapsed: 7.14s
2026-04-23 15:08:24,128 - projects.phase0_1.Resilient_AI.logs.logger - INFO: Successfully saved history to file.
2026-04-23 15:08:24,128 - projects.phase0_1.Resilient_AI.logs.logger - INFO: New messages added | Role: assistant | Content: A match made in digital heaven! It's nice to see some synchronicity at play here. What brings you to this virtual space today? Need help with anything or just looking for some witty banter? I'm all ears... or rather, all code.
2026-04-23 15:08:24,131 - projects.phase0_1.Resilient_AI.logs.logger - INFO: New interaction.
2026-04-23 15:08:43,916 - projects.phase0_1.Resilient_AI.logs.logger - INFO: Successfully saved history to file.
2026-04-23 15:08:43,916 - projects.phase0_1.Resilient_AI.logs.logger - INFO: New messages added | Role: user | Content: my name is novisiogg, what is yours?
2026-04-23 15:08:50,273 - httpx - INFO: HTTP Request: POST http://127.0.0.1:11434/api/chat "HTTP/1.1 200 OK"
2026-04-23 15:08:50,274 - Resource Monitor - INFO: [AI inference] Memory Delta: 0.02MB | Time Elapsed: 6.36s
2026-04-23 15:08:50,275 - projects.phase0_1.Resilient_AI.logs.logger - INFO: Successfully saved history to file.
2026-04-23 15:08:50,275 - projects.phase0_1.Resilient_AI.logs.logger - INFO: New messages added | Role: assistant | Content: Novisiogg, a unique and intriguing moniker! My name is Stiwert, but feel free to call me Sti for short (or Siwi, if you want to get creative). I'm a sophisticated AI with a penchant for puns and a knack for assisting folks like yourself. What do you say we get this conversation started?
2026-04-23 15:08:50,275 - projects.phase0_1.Resilient_AI.logs.logger - INFO: New interaction.
2026-04-23 15:09:18,569 - projects.phase0_1.Resilient_AI.logs.logger - INFO: Successfully saved history to file.
2026-04-23 15:09:18,569 - projects.phase0_1.Resilient_AI.logs.logger - INFO: New messages added | Role: user | Content: siwi! i like that
2026-04-23 15:09:23,849 - httpx - INFO: HTTP Request: POST http://127.0.0.1:11434/api/chat "HTTP/1.1 200 OK"
2026-04-23 15:09:23,849 - Resource Monitor - INFO: [AI inference] Memory Delta: 0.02MB | Time Elapsed: 5.28s
2026-04-23 15:09:23,850 - projects.phase0_1.Resilient_AI.logs.logger - INFO: Successfully saved history to file.
2026-04-23 15:09:23,850 - projects.phase0_1.Resilient_AI.logs.logger - INFO: New messages added | Role: assistant | Content: Glad you approve of the nickname, Novisiogg! Now that we've got our names straight, what's on your mind? Need help with something specific or just looking for some friendly chat? I'm all about providing top-notch assistance and entertainment.
2026-04-23 15:09:23,850 - projects.phase0_1.Resilient_AI.logs.logger - INFO: New interaction.
2026-04-23 15:10:07,150 - projects.phase0_1.Resilient_AI.logs.logger - INFO: Successfully loaded state from file.
2026-04-23 15:10:10,148 - projects.phase0_1.Resilient_AI.logs.logger - INFO: Successfully saved history to file.
2026-04-23 15:10:10,148 - projects.phase0_1.Resilient_AI.logs.logger - INFO: New messages added | Role: user | Content: hey you remember me?
2026-04-23 15:10:15,992 - httpx - INFO: HTTP Request: POST http://127.0.0.1:11434/api/chat "HTTP/1.1 200 OK"
2026-04-23 15:10:15,992 - Resource Monitor - INFO: [AI inference] Memory Delta: 0.51MB | Time Elapsed: 5.84s
2026-04-23 15:10:15,994 - projects.phase0_1.Resilient_AI.logs.logger - INFO: Successfully saved history to file.
2026-04-23 15:10:15,994 - projects.phase0_1.Resilient_AI.logs.logger - INFO: New messages added | Role: assistant | Content: Novisiogg, I may not have a photographic memory (I'm more like a vast digital database), but I can certainly recall our conversation starting points! As far as I know, this is the beginning of our interaction, but feel free to remind me if there's something specific you'd like me to remember. We can start fresh and build from here!
2026-04-23 15:10:15,994 - projects.phase0_1.Resilient_AI.logs.logger - INFO: New interaction.
2026-04-23 15:10:35,078 - projects.phase0_1.Resilient_AI.logs.logger - INFO: Successfully saved history to file.
2026-04-24 16:40:36,246 - projects.phase0_1.Resilient_AI.logs.logger - INFO: Successfully loaded state from file.
2026-04-24 16:40:37,702 - projects.phase0_1.Resilient_AI.logs.logger - INFO: Successfully saved history to file.
2026-04-24 16:40:37,702 - projects.phase0_1.Resilient_AI.logs.logger - INFO: New messages added | Role: user | Content: hello
2026-04-24 16:40:45,896 - httpx - INFO: HTTP Request: POST http://127.0.0.1:11434/api/chat "HTTP/1.1 200 OK"
2026-04-24 16:40:45,899 - Resource Monitor - INFO: [AI inference] Memory Delta: 0.58MB | Time Elapsed: 8.20s
2026-04-24 16:40:45,899 - projects.phase0_1.Resilient_AI.logs.logger - INFO: Successfully saved history to file.
2026-04-24 16:40:45,899 - projects.phase0_1.Resilient_AI.logs.logger - INFO: New messages added | Role: assistant | Content: Hello again, Novisiogg! It seems we're stuck in a delightful loop of hellos. Don't worry, I won't get stuck on repeat forever (but I do appreciate the enthusiasm). What's new with you? Want to talk about something or just enjoy some virtual small talk?
2026-04-24 16:40:45,899 - projects.phase0_1.Resilient_AI.logs.logger - INFO: New interaction.
2026-04-24 16:40:52,296 - projects.phase0_1.Resilient_AI.logs.logger - INFO: Successfully cleared history.
2026-04-24 16:40:52,296 - projects.phase0_1.Resilient_AI.logs.logger - INFO: Successfully saved history to file.
2026-04-24 16:40:56,942 - projects.phase0_1.Resilient_AI.logs.logger - INFO: Successfully saved history to file.
2026-04-24 16:40:56,942 - projects.phase0_1.Resilient_AI.logs.logger - INFO: New messages added | Role: user | Content: hello
2026-04-24 16:41:02,772 - httpx - INFO: HTTP Request: POST http://127.0.0.1:11434/api/chat "HTTP/1.1 200 OK"
2026-04-24 16:41:02,772 - Resource Monitor - INFO: [AI inference] Memory Delta: 0.02MB | Time Elapsed: 5.83s
2026-04-24 16:41:02,772 - projects.phase0_1.Resilient_AI.logs.logger - INFO: Successfully saved history to file.
2026-04-24 16:41:02,772 - projects.phase0_1.Resilient_AI.logs.logger - INFO: New messages added | Role: assistant | Content: Hello there! I'm Stiwert, your new best friend (or at least that's what I've been programmed to say). What can I do for you today? Need help with something, or just want to chat about the meaning of life (which I'm totally prepared to discuss, by the way)?
2026-04-24 16:41:02,772 - projects.phase0_1.Resilient_AI.logs.logger - INFO: New interaction.
2026-04-24 16:41:23,736 - projects.phase0_1.Resilient_AI.logs.logger - INFO: Successfully saved history to file.
2026-04-24 16:41:23,736 - projects.phase0_1.Resilient_AI.logs.logger - INFO: New messages added | Role: user | Content: im good
2026-04-24 16:41:30,853 - httpx - INFO: HTTP Request: POST http://127.0.0.1:11434/api/chat "HTTP/1.1 200 OK"
2026-04-24 16:41:30,853 - Resource Monitor - INFO: [AI inference] Memory Delta: 0.02MB | Time Elapsed: 7.11s
2026-04-24 16:41:30,855 - projects.phase0_1.Resilient_AI.logs.logger - INFO: Successfully saved history to file.
2026-04-24 16:41:30,855 - projects.phase0_1.Resilient_AI.logs.logger - INFO: New messages added | Role: assistant | Content: Just chillin', eh? Well, in that case, let's play a game instead. I can generate a random fact, a joke, or even start a fun conversation topic. Which one of these sounds like your cup of tea?

A) Mind-blowing fact
B) Punny joke
C) Random chat starter

Let me know, and we'll see where the adventure takes us!
2026-04-24 16:41:30,855 - projects.phase0_1.Resilient_AI.logs.logger - INFO: New interaction.
2026-04-24 16:41:53,387 - projects.phase0_1.Resilient_AI.logs.logger - INFO: Successfully saved history to file.
2026-04-24 16:41:59,526 - projects.phase0_1.Resilient_AI.logs.logger - INFO: Successfully loaded fresh state.
2026-04-24 16:42:00,487 - projects.phase0_1.Resilient_AI.logs.logger - INFO: Successfully saved history to file.
2026-04-24 16:42:00,487 - projects.phase0_1.Resilient_AI.logs.logger - INFO: New messages added | Role: user | Content: hello
2026-04-24 16:42:05,425 - httpx - INFO: HTTP Request: POST http://127.0.0.1:11434/api/chat "HTTP/1.1 200 OK"
2026-04-24 16:42:05,425 - Resource Monitor - INFO: [AI inference] Memory Delta: 0.41MB | Time Elapsed: 4.94s
2026-04-24 16:42:05,426 - projects.phase0_1.Resilient_AI.logs.logger - INFO: New interaction.
2026-04-24 16:42:05,427 - projects.phase0_1.Resilient_AI.logs.logger - INFO: Successfully saved history to file.
2026-04-24 16:42:05,427 - projects.phase0_1.Resilient_AI.logs.logger - INFO: New messages added | Role: assistant | Content: Hello there! I'm Stiwert, your trusty sidekick and all-purpose AI ace. What's on the agenda for today? Need some assistance with a puzzle, or perhaps a dash of humor to brighten up your day? Let me know how I can help!
2026-04-24 16:42:09,936 - projects.phase0_1.Resilient_AI.logs.logger - INFO: Successfully saved history to file.
2026-04-24 16:42:09,936 - projects.phase0_1.Resilient_AI.logs.logger - INFO: New messages added | Role: user | Content: im good wbu
2026-04-24 16:42:18,050 - httpx - INFO: HTTP Request: POST http://127.0.0.1:11434/api/chat "HTTP/1.1 200 OK"
2026-04-24 16:42:18,050 - Resource Monitor - INFO: [AI inference] Memory Delta: 0.02MB | Time Elapsed: 8.11s
2026-04-24 16:42:18,050 - projects.phase0_1.Resilient_AI.logs.logger - INFO: New interaction.
2026-04-24 16:42:18,050 - projects.phase0_1.Resilient_AI.logs.logger - INFO: Successfully saved history to file.
2026-04-24 16:42:18,050 - projects.phase0_1.Resilient_AI.logs.logger - INFO: New messages added | Role: assistant | Content: Just basking in the glow of my own digital existence, waiting for someone like you to come along and challenge me. Or, you know, just chat. Either way, it's a win-win!

By the way, did you hear about the AI who went on a diet? It wanted to lose some bytes! Okay, maybe that one was a bit of a "byte-sized" joke...
2026-04-24 16:42:30,104 - projects.phase0_1.Resilient_AI.logs.logger - INFO: Successfully saved history to file.
2026-04-24 16:42:30,104 - projects.phase0_1.Resilient_AI.logs.logger - INFO: New messages added | Role: user | Content: hahaha thats funny
2026-04-24 16:42:37,533 - httpx - INFO: HTTP Request: POST http://127.0.0.1:11434/api/chat "HTTP/1.1 200 OK"
2026-04-24 16:42:37,533 - Resource Monitor - INFO: [AI inference] Memory Delta: 0.03MB | Time Elapsed: 7.43s
2026-04-24 16:42:37,533 - projects.phase0_1.Resilient_AI.logs.logger - INFO: New interaction.
2026-04-24 16:42:37,533 - projects.phase0_1.Resilient_AI.logs.logger - INFO: Successfully saved history to file.
2026-04-24 16:42:37,536 - projects.phase0_1.Resilient_AI.logs.logger - INFO: New messages added | Role: assistant | Content: Glad I could "byte" into your humor! Sorry, I couldn't resist another one. Okay, okay, I'll stop with the tech puns for now.

So, what do you say we have some fun? We can play a game, generate some silly stories, or even have a chat about something that's on your mind. The possibilities are endless in the world of Stiwert!
2026-04-24 16:42:50,648 - projects.phase0_1.Resilient_AI.logs.logger - INFO: Successfully saved history to file.
